
> sbcec-backend@1.0.0 build
> tsc

src/app.ts(28,15): error TS6133: 'req' is declared but its value is never read.
src/controllers/auth.controller.ts(14,41): error TS6133: 'next' is declared but its value is never read.
src/controllers/auth.controller.ts(34,16): error TS2790: The operand of a 'delete' operator must be optional.
src/controllers/auth.controller.ts(43,41): error TS6133: 'next' is declared but its value is never read.
src/controllers/auth.controller.ts(80,16): error TS2790: The operand of a 'delete' operator must be optional.
src/controllers/auth.controller.ts(97,41): error TS6133: 'next' is declared but its value is never read.
src/controllers/auth.controller.ts(130,41): error TS6133: 'next' is declared but its value is never read.
src/controllers/auth.controller.ts(142,45): error TS6133: 'next' is declared but its value is never read.
src/controllers/course.controller.ts(9,12): error TS6133: 'req' is declared but its value is never read.
src/controllers/course.controller.ts(9,41): error TS6133: 'next' is declared but its value is never read.
src/controllers/course.controller.ts(21,41): error TS6133: 'next' is declared but its value is never read.
src/controllers/course.controller.ts(37,41): error TS6133: 'next' is declared but its value is never read.
src/controllers/course.controller.ts(50,45): error TS6133: 'next' is declared but its value is never read.
src/controllers/course.controller.ts(65,45): error TS6133: 'next' is declared but its value is never read.
src/controllers/course.controller.ts(83,45): error TS6133: 'next' is declared but its value is never read.
src/controllers/department.controller.ts(9,12): error TS6133: 'req' is declared but its value is never read.
src/controllers/department.controller.ts(9,41): error TS6133: 'next' is declared but its value is never read.
src/controllers/department.controller.ts(21,41): error TS6133: 'next' is declared but its value is never read.
src/controllers/department.controller.ts(37,45): error TS6133: 'next' is declared but its value is never read.
src/controllers/department.controller.ts(52,45): error TS6133: 'next' is declared but its value is never read.
src/controllers/department.controller.ts(70,45): error TS6133: 'next' is declared but its value is never read.
src/controllers/event.controller.ts(9,41): error TS6133: 'next' is declared but its value is never read.
src/controllers/event.controller.ts(43,41): error TS6133: 'next' is declared but its value is never read.
src/controllers/event.controller.ts(63,45): error TS6133: 'next' is declared but its value is never read.
src/controllers/event.controller.ts(78,45): error TS6133: 'next' is declared but its value is never read.
src/controllers/event.controller.ts(96,45): error TS6133: 'next' is declared but its value is never read.
src/controllers/event.controller.ts(119,45): error TS6133: 'next' is declared but its value is never read.
src/controllers/faculty.controller.ts(9,12): error TS6133: 'req' is declared but its value is never read.
src/controllers/faculty.controller.ts(9,41): error TS6133: 'next' is declared but its value is never read.
src/controllers/faculty.controller.ts(22,41): error TS6133: 'next' is declared but its value is never read.
src/controllers/faculty.controller.ts(38,41): error TS6133: 'next' is declared but its value is never read.
src/controllers/faculty.controller.ts(52,45): error TS6133: 'next' is declared but its value is never read.
src/controllers/faculty.controller.ts(62,45): error TS6133: 'next' is declared but its value is never read.
src/controllers/faculty.controller.ts(80,45): error TS6133: 'next' is declared but its value is never read.
src/controllers/gallery.controller.ts(9,41): error TS6133: 'next' is declared but its value is never read.
src/controllers/gallery.controller.ts(43,41): error TS6133: 'next' is declared but its value is never read.
src/controllers/gallery.controller.ts(57,45): error TS6133: 'next' is declared but its value is never read.
src/controllers/gallery.controller.ts(72,45): error TS6133: 'next' is declared but its value is never read.
src/controllers/gallery.controller.ts(90,45): error TS6133: 'next' is declared but its value is never read.
src/controllers/notice.controller.ts(9,41): error TS6133: 'next' is declared but its value is never read.
src/controllers/notice.controller.ts(44,41): error TS6133: 'next' is declared but its value is never read.
src/controllers/notice.controller.ts(58,45): error TS6133: 'next' is declared but its value is never read.
src/controllers/notice.controller.ts(73,45): error TS6133: 'next' is declared but its value is never read.
src/controllers/notice.controller.ts(91,45): error TS6133: 'next' is declared but its value is never read.
src/controllers/notice.controller.ts(110,45): error TS6133: 'next' is declared but its value is never read.
src/middleware/auth.middleware.ts(13,5): error TS6133: 'res' is declared but its value is never read.
src/middleware/error.middleware.ts(7,5): error TS6133: 'req' is declared but its value is never read.
src/middleware/error.middleware.ts(9,5): error TS6133: 'next' is declared but its value is never read.
src/middleware/rbac.middleware.ts(6,31): error TS6133: 'res' is declared but its value is never read.
src/models/Course.model.ts(95,5): error TS2349: This expression is not callable.
  Type 'Record<string, any>' has no call signatures.
src/models/Course.model.ts(95,5): error TS2722: Cannot invoke an object which is possibly 'undefined'.
src/models/Department.model.ts(83,5): error TS2349: This expression is not callable.
  Type 'Record<string, any>' has no call signatures.
src/models/Department.model.ts(83,5): error TS2722: Cannot invoke an object which is possibly 'undefined'.
src/models/Event.model.ts(86,5): error TS2349: This expression is not callable.
  Type 'Record<string, any>' has no call signatures.
src/models/Event.model.ts(86,5): error TS2722: Cannot invoke an object which is possibly 'undefined'.
src/models/Faculty.model.ts(107,5): error TS2349: This expression is not callable.
  Type 'Record<string, any>' has no call signatures.
src/models/Faculty.model.ts(107,5): error TS2722: Cannot invoke an object which is possibly 'undefined'.
src/models/Gallery.model.ts(71,5): error TS2349: This expression is not callable.
  Type 'Record<string, any>' has no call signatures.
src/models/Gallery.model.ts(71,5): error TS2722: Cannot invoke an object which is possibly 'undefined'.
src/models/Notice.model.ts(76,5): error TS2349: This expression is not callable.
  Type 'Record<string, any>' has no call signatures.
src/models/Notice.model.ts(76,5): error TS2722: Cannot invoke an object which is possibly 'undefined'.
src/models/User.model.ts(73,46): error TS2349: This expression is not callable.
  Type 'SaveOptions' has no call signatures.
src/models/User.model.ts(77,5): error TS2349: This expression is not callable.
  Type 'SaveOptions' has no call signatures.
src/models/User.model.ts(91,5): error TS2349: This expression is not callable.
  Type 'Record<string, any>' has no call signatures.
src/models/User.model.ts(91,5): error TS2722: Cannot invoke an object which is possibly 'undefined'.
src/routes/auth.routes.ts(10,1): error TS6133: 'authorize' is declared but its value is never read.
src/routes/index.ts(22,24): error TS6133: 'req' is declared but its value is never read.
src/services/token.service.ts(12,16): error TS2769: No overload matches this call.
  Overload 1 of 5, '(payload: string | object | Buffer<ArrayBufferLike>, secretOrPrivateKey: null, options?: (SignOptions & { algorithm: "none"; }) | undefined): string', gave the following error.
    Argument of type 'string' is not assignable to parameter of type 'null'.
  Overload 2 of 5, '(payload: string | object | Buffer<ArrayBufferLike>, secretOrPrivateKey: Buffer<ArrayBufferLike> | Secret | PrivateKeyInput | JsonWebKeyInput, options?: SignOptions | undefined): string', gave the following error.
    Type 'string' is not assignable to type 'number | StringValue | undefined'.
  Overload 3 of 5, '(payload: string | object | Buffer<ArrayBufferLike>, secretOrPrivateKey: Buffer<ArrayBufferLike> | Secret | PrivateKeyInput | JsonWebKeyInput, callback: SignCallback): void', gave the following error.
    Object literal may only specify known properties, and 'expiresIn' does not exist in type 'SignCallback'.
src/services/token.service.ts(22,16): error TS2769: No overload matches this call.
  Overload 1 of 5, '(payload: string | object | Buffer<ArrayBufferLike>, secretOrPrivateKey: null, options?: (SignOptions & { algorithm: "none"; }) | undefined): string', gave the following error.
    Argument of type 'string' is not assignable to parameter of type 'null'.
  Overload 2 of 5, '(payload: string | object | Buffer<ArrayBufferLike>, secretOrPrivateKey: Buffer<ArrayBufferLike> | Secret | PrivateKeyInput | JsonWebKeyInput, options?: SignOptions | undefined): string', gave the following error.
    Type 'string' is not assignable to type 'number | StringValue | undefined'.
  Overload 3 of 5, '(payload: string | object | Buffer<ArrayBufferLike>, secretOrPrivateKey: Buffer<ArrayBufferLike> | Secret | PrivateKeyInput | JsonWebKeyInput, callback: SignCallback): void', gave the following error.
    Object literal may only specify known properties, and 'expiresIn' does not exist in type 'SignCallback'.
